<?xml version="1.0" encoding="UTF-8"?>
<testsuite name="DollarCalculatorTest" tests="1" skipped="0" failures="0" errors="0" timestamp="2022-08-25T07:57:28" hostname="DESKTOP-P8MK5PE" time="1.128">
  <properties/>
  <testcase name="mockTest()" classname="DollarCalculatorTest" time="1.128"/>
  <system-out><![CDATA[60000
]]></system-out>
  <system-err><![CDATA[]]></system-err>
</testsuite>
